<?xml version="1.0" encoding="UTF-8"?>
<!-- Generated by org.testng.reporters.JUnitXMLReporter -->
<testsuite ignored="2" hostname="LAPTOP-15PGKH9T" failures="1" tests="2" name="Default test(failed)" time="0.114" errors="0" timestamp="2022-11-04T20:30:59 IST">
  <testcase classname="testNg.p1.Test_dependsOn" name="select_product" time="0.034">
    <failure type="java.lang.NullPointerException">
      <![CDATA[java.lang.NullPointerException
at java.base/java.util.Objects.requireNonNull(Objects.java:208)
at org.openqa.selenium.interactions.Actions.<init>(Actions.java:65)
at testNg.p1.Test_dependsOn.select_product(Test_dependsOn.java:56)
at java.base/java.util.ArrayList.forEach(ArrayList.java:1511)
... Removed 27 stack frames]]>
    </failure>
  </testcase> <!-- select_product -->
  <testcase classname="testNg.p1.Test_dependsOn" name="Add_Cart" time="0.0">
    <skipped/>
  </testcase> <!-- Add_Cart -->
  <testcase classname="testNg.p1.Test_dependsOn" name="login" time="0.0">
    <ignored/>
  </testcase> <!-- login -->
  <testcase classname="testNg.p1.Test_dependsOn" name="open" time="0.0">
    <ignored/>
  </testcase> <!-- open -->
</testsuite> <!-- Default test(failed) -->
